Starting job on  Thu Feb 21 07:42:58 UTC 2019
Running on  Linux bmahakud-60500136-0-cmswn2057.fnal.gov 4.19.2-1.el7.elrepo.x86_64 #1 SMP Tue Nov 13 16:18:09 EST 2018 x86_64 x86_64 x86_64 GNU/Linux
System release  Scientific Linux release 6.10 (Carbon)
CMSSW on Condor

parameter set:
CMSSWVER:   CMSSW_10_2_10
OUTDIR:     root://cmseos.fnal.gov//store/user/bmahakud/BoostedJpsiRECOFiles
/storage/local/data1/condor/execute/dir_29133
21-Feb-2019 07:46:29 UTC  Initiating request to open file root://cmsxrootd-site.fnal.gov//store/mc/RunIIAutumn18DRPremix/JPsiToMuMu_Pt20to100-pythia8-gun/GEN-SIM-RAW/102X_upgrade2018_realistic_v15_ext1-v1/110000/524B61BB-EA47-F442-A7B5-9C7F8D2621F9.root
%MSG-w XrdAdaptorInternal:  file_open 21-Feb-2019 07:46:31 UTC pre-events
Failed to open file at URL root://cmsxrootd-site.fnal.gov:1094//store/mc/RunIIAutumn18DRPremix/JPsiToMuMu_Pt20to100-pythia8-gun/GEN-SIM-RAW/102X_upgrade2018_realistic_v15_ext1-v1/110000/524B61BB-EA47-F442-A7B5-9C7F8D2621F9.root.
%MSG
%MSG-w XrdAdaptorInternal:  file_open 21-Feb-2019 07:46:31 UTC pre-events
Failed to open file at URL root://cmsxrootd-site.fnal.gov:1094//store/mc/RunIIAutumn18DRPremix/JPsiToMuMu_Pt20to100-pythia8-gun/GEN-SIM-RAW/102X_upgrade2018_realistic_v15_ext1-v1/110000/524B61BB-EA47-F442-A7B5-9C7F8D2621F9.root?tried=.
%MSG
21-Feb-2019 07:46:31 UTC  Fallback request to file root://cmsxrootd.fnal.gov//store/mc/RunIIAutumn18DRPremix/JPsiToMuMu_Pt20to100-pythia8-gun/GEN-SIM-RAW/102X_upgrade2018_realistic_v15_ext1-v1/110000/524B61BB-EA47-F442-A7B5-9C7F8D2621F9.root
%MSG-w XrdAdaptor:  file_open 21-Feb-2019 07:46:38 UTC pre-events
Data is served from indiacms.res.in instead of original site US-Regional-Nebraska
%MSG
21-Feb-2019 07:46:42 UTC  Successfully opened file root://cmsxrootd.fnal.gov//store/mc/RunIIAutumn18DRPremix/JPsiToMuMu_Pt20to100-pythia8-gun/GEN-SIM-RAW/102X_upgrade2018_realistic_v15_ext1-v1/110000/524B61BB-EA47-F442-A7B5-9C7F8D2621F9.root
[2019-02-21 09:14:44.029642 +0000][Error  ][AsyncSock         ] [xrootd.ba.infn.it:1094 #0.0] Socket error encountered: [ERROR] Socket error: Connection reset by peer
[2019-02-21 09:17:23.188947 +0000][Error  ][XRootD            ] [dpms20.indiacms.res.in:1095] Unable to get the response to request kXR_read (handle: 0x00000000, offset: 4343399170, size: 133)
%MSG-w XrdAdaptorInternal:  (NoModuleName) 21-Feb-2019 09:17:23 UTC pre-events
XrdRequestManager::handle(name='root://cmsxrootd.fnal.gov//store/mc/RunIIAutumn18DRPremix/JPsiToMuMu_Pt20to100-pythia8-gun/GEN-SIM-RAW/102X_upgrade2018_realistic_v15_ext1-v1/110000/524B61BB-EA47-F442-A7B5-9C7F8D2621F9.root) failure when reading from dpms20.indiacms.res.in:1095 (unknown site); failed with error '[ERROR] Server responded with an error: [3010] Opening relative path '?tried=+1213cmsxrootd2.fnal.gov1213xrootd.unl.edu' is disallowed.
' (errno=3010, code=400).
%MSG
%MSG-w XrdAdaptorInternal:  (NoModuleName) 21-Feb-2019 09:17:23 UTC pre-events
Request failure when reading from dpms20.indiacms.res.in:1095 (unknown site)
%MSG
%MSG-w XrdAdaptor:  (NoModuleName) 21-Feb-2019 09:17:23 UTC pre-events
Data is now served from  instead of previous indiacms.res.in
%MSG
%MSG-w XrdAdaptorInternal:  (NoModuleName) 21-Feb-2019 09:17:34 UTC pre-events
Caught a CMSSW exception when running connection recovery.
%MSG
----- Begin Fatal Exception 21-Feb-2019 09:17:35 UTC-----------------------
An exception of category 'FileOpenError' occurred while
   [0] XrdAdaptor::ClientRequest::HandleResponse() failure while running connection recovery
   [1] Handling XrdAdaptor::RequestManager::requestFailure()
   [2] In XrdAdaptor::RequestManager::OpenHandler::HandleResponseWithHosts()
Exception Message:
XrdCl::File::Open(name='root://cmsxrootd.fnal.gov//store/mc/RunIIAutumn18DRPremix/JPsiToMuMu_Pt20to100-pythia8-gun/GEN-SIM-RAW/102X_upgrade2018_realistic_v15_ext1-v1/110000/524B61BB-EA47-F442-A7B5-9C7F8D2621F9.root', flags=0x10, permissions=0660) => error '[ERROR] Server responded with an error: [3011] No servers are reachable via public IPv4 network to read the file.
' (errno=3011, code=400)
   Additional Info:
      [a] Original error: '[ERROR] Server responded with an error: [3010] Opening relative path '?tried=+1213cmsxrootd2.fnal.gov1213xrootd.unl.edu' is disallowed.
' (errno=3010, code=400, source=dpms20.indiacms.res.in:1095 (unknown site)).
      [b] Original failed source is dpms20.indiacms.res.in:1095 (unknown site)
      [c] Disabled source: dpms20.indiacms.res.in:1095
----- End Fatal Exception -------------------------------------------------
21-Feb-2019 09:17:35 UTC  Closed file root://cmsxrootd.fnal.gov//store/mc/RunIIAutumn18DRPremix/JPsiToMuMu_Pt20to100-pythia8-gun/GEN-SIM-RAW/102X_upgrade2018_realistic_v15_ext1-v1/110000/524B61BB-EA47-F442-A7B5-9C7F8D2621F9.root

=============================================

MessageLogger Summary

 type     category        sev    module        subroutine        count    total
 ---- -------------------- -- ---------------- ----------------  -----    -----
    1 XrdAdaptor           -w (NoModuleName)                         1        1
    2 XrdAdaptor           -w file_open                              1        1
    3 XrdAdaptorInternal   -w (NoModuleName)                         3        3
    4 XrdAdaptorInternal   -w file_open                              2        2
    5 Fatal Exception      -s                                        1        1
    6 fileAction           -s file_close                             1        1
    7 fileAction           -s file_open                              3        3

 type    category    Examples: run/evt        run/evt          run/evt
 ---- -------------------- ---------------- ---------------- ----------------
    1 XrdAdaptor           pre-events                        
    2 XrdAdaptor           pre-events                        
    3 XrdAdaptorInternal   pre-events       pre-events       pre-events
    4 XrdAdaptorInternal   pre-events       pre-events       
    5 Fatal Exception      BeforeEvents                      
    6 fileAction           BeforeEvents                      
    7 fileAction           pre-events       pre-events       pre-events

Severity    # Occurrences   Total Occurrences
--------    -------------   -----------------
Warning                 7                   7
System                  5                   5

dropped waiting message count 0
exit code 84, skipping xrdcp
